0 info it worked if it ends with ok
1 verbose cli [ '/usr/local/bin/node', '/usr/local/bin/npm', 'publish' ]
2 info using npm@3.5.2
3 info using node@v5.2.0
4 verbose publish [ '.' ]
5 silly cache add args [ '.', null ]
6 verbose cache add spec .
7 silly cache add parsed spec Result {
7 silly cache add   raw: '.',
7 silly cache add   scope: null,
7 silly cache add   name: null,
7 silly cache add   rawSpec: '.',
7 silly cache add   spec: '/Users/andycall/baiduYun/Baidu/awesome/lib/pc/switch',
7 silly cache add   type: 'directory' }
8 verbose addLocalDirectory /Users/andycall/.npm/fit-switch/1.1.56/package.tgz not in flight; packing
9 info lifecycle fit-switch@1.1.56~prepublish: fit-switch@1.1.56
10 silly lifecycle fit-switch@1.1.56~prepublish: no script for prepublish, continuing
11 verbose tar pack [ '/Users/andycall/.npm/fit-switch/1.1.56/package.tgz',
11 verbose tar pack   '/Users/andycall/baiduYun/Baidu/awesome/lib/pc/switch' ]
12 verbose tarball /Users/andycall/.npm/fit-switch/1.1.56/package.tgz
13 verbose folder /Users/andycall/baiduYun/Baidu/awesome/lib/pc/switch
14 verbose addLocalTarball adding from inside cache /Users/andycall/.npm/fit-switch/1.1.56/package.tgz
15 silly cache afterAdd fit-switch@1.1.56
16 verbose afterAdd /Users/andycall/.npm/fit-switch/1.1.56/package/package.json not in flight; writing
17 verbose afterAdd /Users/andycall/.npm/fit-switch/1.1.56/package/package.json written
18 silly publish { name: 'fit-switch',
18 silly publish   version: '1.1.56',
18 silly publish   description: '开关',
18 silly publish   main: 'lib/index.js',
18 silly publish   scripts: { test: 'echo "Error: no test specified" && exit 1' },
18 silly publish   repository:
18 silly publish    { type: 'git',
18 silly publish      url: 'ssh://g@gitlab.baidu.com:8022/tb-component/pc-switch.git' },
18 silly publish   author: '',
18 silly publish   license: 'ISC',
18 silly publish   dependencies:
18 silly publish    { 'fit-style': '^1.1.49',
18 silly publish      react: '^0.14.7',
18 silly publish      classnames: '^2.2.1',
18 silly publish      lodash: '^3.10.1' },
18 silly publish   readme: '# 开关\n\n---\n\n````jsx\nnpm install fit-switch /* or */ fis3 install fit-switch\n````',
18 silly publish   readmeFilename: 'readme.md',
18 silly publish   gitHead: '6e344edeede3588d0f0441c9aa2c7f7a61416b30',
18 silly publish   _id: 'fit-switch@1.1.56',
18 silly publish   _shasum: '1c8a2e473875ea206102f342fb2f45ba5bee115f',
18 silly publish   _from: '.' }
19 verbose getPublishConfig undefined
20 silly mapToRegistry name fit-switch
21 silly mapToRegistry using default registry
22 silly mapToRegistry registry https://registry.npmjs.org/
23 silly mapToRegistry uri https://registry.npmjs.org/fit-switch
24 verbose publish registryBase https://registry.npmjs.org/
25 silly publish uploading /Users/andycall/.npm/fit-switch/1.1.56/package.tgz
26 verbose request uri https://registry.npmjs.org/fit-switch
27 verbose request sending authorization for write operation
28 info attempt registry request try #1 at 2:34:29 PM
29 verbose request using bearer token for auth
30 verbose request id 8fc5c51d1d07a83b
31 http request PUT https://registry.npmjs.org/fit-switch
32 http 403 https://registry.npmjs.org/fit-switch
33 verbose headers { 'content-type': 'application/json',
33 verbose headers   'cache-control': 'max-age=300',
33 verbose headers   'content-length': '96',
33 verbose headers   'accept-ranges': 'bytes',
33 verbose headers   date: 'Mon, 14 Mar 2016 06:34:30 GMT',
33 verbose headers   via: '1.1 varnish',
33 verbose headers   connection: 'keep-alive',
33 verbose headers   'x-served-by': 'cache-nrt6131-NRT',
33 verbose headers   'x-cache': 'MISS',
33 verbose headers   'x-cache-hits': '0',
33 verbose headers   'x-timer': 'S1457937270.426978,VS0,VE492' }
34 verbose request invalidating /Users/andycall/.npm/registry.npmjs.org/fit-switch on PUT
35 error publish Failed PUT 403
36 verbose stack Error: "You cannot publish over the previously published version 1.1.56." : fit-switch
36 verbose stack     at makeError (/usr/local/lib/node_modules/npm/node_modules/npm-registry-client/lib/request.js:264:12)
36 verbose stack     at CachingRegistryClient.<anonymous> (/usr/local/lib/node_modules/npm/node_modules/npm-registry-client/lib/request.js:252:14)
36 verbose stack     at Request._callback (/usr/local/lib/node_modules/npm/node_modules/npm-registry-client/lib/request.js:172:14)
36 verbose stack     at Request.self.callback (/usr/local/lib/node_modules/npm/node_modules/request/request.js:198:22)
36 verbose stack     at emitTwo (events.js:88:13)
36 verbose stack     at Request.emit (events.js:173:7)
36 verbose stack     at Request.<anonymous> (/usr/local/lib/node_modules/npm/node_modules/request/request.js:1082:10)
36 verbose stack     at emitOne (events.js:83:20)
36 verbose stack     at Request.emit (events.js:170:7)
36 verbose stack     at IncomingMessage.<anonymous> (/usr/local/lib/node_modules/npm/node_modules/request/request.js:1009:12)
37 verbose statusCode 403
38 verbose pkgid fit-switch
39 verbose cwd /Users/andycall/baiduYun/Baidu/awesome/lib/pc/switch
40 error Darwin 15.3.0
41 error argv "/usr/local/bin/node" "/usr/local/bin/npm" "publish"
42 error node v5.2.0
43 error npm  v3.5.2
44 error code E403
45 error "You cannot publish over the previously published version 1.1.56." : fit-switch
46 error If you need help, you may report this error at:
46 error     <https://github.com/npm/npm/issues>
47 verbose exit [ 1, true ]
